<?xml version="1.0" encoding="UTF-8"?>
<testsuite name="runner.TestRunner" time="0.909" tests="7" errors="0" skipped="0" failures="0">
  <properties>
[...]
</properties>
  <testcase name="Given User launches website" classname="Scenario: Registered_user_login_with_valid_credentials" time="0.002"/>
  <testcase name="When User click on signin link" classname="Scenario: Registered_user_login_with_valid_credentials" time="0"/>
  <testcase name="And User provides &quot;valid&quot; login credentials" classname="Scenario: Registered_user_login_with_valid_credentials" time="0"/>
  <testcase name="Then User should be able to login successfully on Submit" classname="Scenario: Registered_user_login_with_valid_credentials" time="0.001"/>
  <testcase name="And User captures screenshot and embeds in report" classname="Scenario: Registered_user_login_with_valid_credentials" time="0"/>
  <testcase name="Then User Clicks on SignOut from MyAccount Home Page" classname="Scenario: Registered_user_login_with_valid_credentials" time="0"/>
  <testcase name="Scenario: Registered_user_login_with_valid_credentials" classname="Scenario: Registered_user_login_with_valid_credentials" time="0.906"/>
</testsuite>